<?xml version="1.0" encoding="UTF-8"?>
<!-- Generated by org.testng.reporters.JUnitXMLReporter -->
<testsuite ignored="5" hostname="saibaba-PC" failures="3" tests="3" name="OrangCRM Regression Test" time="0.107" errors="0" timestamp="16 Nov 2020 13:54:03 GMT">
  <testcase classname="qa.com.orangehrm.tests.LoginPageTest" name="dologin" time="0.025">
    <failure type="java.lang.NullPointerException" message="Cannot invoke &amp;quot;java.util.Properties.getProperty(String)&amp;quot; because &amp;quot;this.prop&amp;quot; is null">
      <![CDATA[java.lang.NullPointerException: Cannot invoke "java.util.Properties.getProperty(String)" because "this.prop" is null
at qa.com.orangehrm.tests.LoginPageTest.dologin(LoginPageTest.java:45)
... Removed 25 stack frames]]>
    </failure>
  </testcase> <!-- dologin -->
  <testcase classname="qa.com.orangehrm.tests.PIMPageTest" name="VerifygotoPIMPage" time="0.005">
    <failure type="java.lang.NullPointerException" message="Cannot invoke &amp;quot;qa.com.orangehrm.pages.PIMPage.gotoPIMPage()&amp;quot; because &amp;quot;this.pimpage&amp;quot; is null">
      <![CDATA[java.lang.NullPointerException: Cannot invoke "qa.com.orangehrm.pages.PIMPage.gotoPIMPage()" because "this.pimpage" is null
at qa.com.orangehrm.tests.PIMPageTest.VerifygotoPIMPage(PIMPageTest.java:46)
... Removed 25 stack frames]]>
    </failure>
  </testcase> <!-- VerifygotoPIMPage -->
  <testcase classname="qa.com.orangehrm.tests.HelpPageTest" name="selectBugTracker" time="0.005">
    <failure type="java.lang.NullPointerException" message="Cannot invoke &amp;quot;qa.com.orangehrm.pages.Help.selectBugTracker()&amp;quot; because &amp;quot;this.help&amp;quot; is null">
      <![CDATA[java.lang.NullPointerException: Cannot invoke "qa.com.orangehrm.pages.Help.selectBugTracker()" because "this.help" is null
at qa.com.orangehrm.tests.HelpPageTest.selectBugTracker(HelpPageTest.java:43)
... Removed 25 stack frames]]>
    </failure>
  </testcase> <!-- selectBugTracker -->
  <testcase classname="qa.com.orangehrm.tests.LoginPageTest" name="removeframe" time="0.0">
    <ignored/>
  </testcase> <!-- removeframe -->
  <testcase classname="qa.com.orangehrm.tests.PIMPageTest" name="verifyselectreports" time="0.0">
    <ignored/>
  </testcase> <!-- verifyselectreports -->
  <testcase classname="qa.com.orangehrm.tests.PIMPageTest" name="verifygetpimlist" time="0.0">
    <ignored/>
  </testcase> <!-- verifygetpimlist -->
  <testcase classname="qa.com.orangehrm.tests.LoginPageTest" name="getloginpagetitle" time="0.0">
    <ignored/>
  </testcase> <!-- getloginpagetitle -->
  <testcase classname="qa.com.orangehrm.tests.HelpPageTest" name="clickonHelp" time="0.0">
    <ignored/>
  </testcase> <!-- clickonHelp -->
</testsuite> <!-- OrangCRM Regression Test -->
