<?xml version="1.0" encoding="UTF-8"?>
<testng-results ignored="0" total="3" passed="3" failed="0" skipped="0">
  <reporter-output>
    <line>
      <![CDATA[Test Started]]>
    </line>
    <line>
      <![CDATA[login page title is]]>
    </line>
  </reporter-output>
  <suite started-at="2020-11-04T08:54:57Z" name="OrangCRM Suite" finished-at="2020-11-04T08:55:20Z" duration-ms="22796">
    <groups>
    </groups>
    <test started-at="2020-11-04T08:54:57Z" name="OrangCRM Sanity Test" finished-at="2020-11-04T08:55:20Z" duration-ms="22796">
      <class name="qa.com.orangehrm.tests.LoginPageTest">
        <test-method is-config="true" signature="setUp()[pri:0, instance:qa.com.orangehrm.tests.LoginPageTest@1ffaf86]" started-at="2020-11-04T08:54:57Z" name="setUp" finished-at="2020-11-04T08:55:10Z" duration-ms="12664" status="PASS">
          <reporter-output>
          </reporter-output>
        </test-method> <!-- setUp -->
        <test-method signature="removeframe()[pri:1, instance:qa.com.orangehrm.tests.LoginPageTest@1ffaf86]" started-at="2020-11-04T08:55:10Z" name="removeframe" finished-at="2020-11-04T08:55:15Z" duration-ms="5504" status="PASS">
          <reporter-output>
          </reporter-output>
        </test-method> <!-- removeframe -->
        <test-method signature="getloginpagetitle()[pri:2, instance:qa.com.orangehrm.tests.LoginPageTest@1ffaf86]" started-at="2020-11-04T08:55:15Z" name="getloginpagetitle" finished-at="2020-11-04T08:55:15Z" duration-ms="55" status="PASS">
          <reporter-output>
            <line>
              <![CDATA[Test Started]]>
            </line>
            <line>
              <![CDATA[login page title is]]>
            </line>
          </reporter-output>
        </test-method> <!-- getloginpagetitle -->
        <test-method signature="dologin()[pri:3, instance:qa.com.orangehrm.tests.LoginPageTest@1ffaf86]" started-at="2020-11-04T08:55:15Z" name="dologin" finished-at="2020-11-04T08:55:19Z" duration-ms="3769" status="PASS">
          <reporter-output>
          </reporter-output>
        </test-method> <!-- dologin -->
        <test-method is-config="true" signature="quit()[pri:0, instance:qa.com.orangehrm.tests.LoginPageTest@1ffaf86]" started-at="2020-11-04T08:55:19Z" name="quit" finished-at="2020-11-04T08:55:20Z" duration-ms="748" status="PASS">
          <reporter-output>
          </reporter-output>
        </test-method> <!-- quit -->
      </class> <!-- qa.com.orangehrm.tests.LoginPageTest -->
    </test> <!-- OrangCRM Sanity Test -->
  </suite> <!-- OrangCRM Suite -->
</testng-results>
