<?xml version="1.0" encoding="UTF-8"?>
<!-- Generated by org.testng.reporters.JUnitXMLReporter -->
<testsuite ignored="0" hostname="saibaba-PC" failures="0" tests="3" name="OrangCRM Sanity Test" time="23.128" errors="0" timestamp="10 Nov 2020 12:02:33 GMT">
  <testcase classname="qa.com.orangehrm.tests.LoginPageTest" name="removeframe" time="5.152"/>
  <testcase classname="qa.com.orangehrm.tests.LoginPageTest" name="getloginpagetitle" time="0.02"/>
  <testcase classname="qa.com.orangehrm.tests.LoginPageTest" name="dologin" time="3.308"/>
</testsuite> <!-- OrangCRM Sanity Test -->
